<?xml version="1.0" encoding="UTF-8"?>
<!-- Generated by org.testng.reporters.JUnitReportReporter -->
<testsuite hostname="LAPTOP-TOHCMEGR" failures="0" tests="1" name="test.MinusTest" time="2.487" errors="0" timestamp="29 Apr 2024 04:44:38 GMT" skipped="0">
  <testcase classname="test.MinusTest" name="negativeTest" time="2.487"/>
</testsuite> <!-- test.MinusTest -->
