<?xml version="1.0" encoding="UTF-8"?>
<!-- Generated by org.testng.reporters.JUnitReportReporter -->
<testsuite hostname="LAPTOP-TOHCMEGR" failures="0" tests="2" name="Jason.com.Class1" time="0.011" errors="0" timestamp="16 Apr 2024 06:04:29 GMT" skipped="0">
  <testcase classname="Jason.com.Class1" name="f2" time="0.002"/>
  <testcase classname="Jason.com.Class1" name="f1" time="0.009"/>
</testsuite> <!-- Jason.com.Class1 -->
