<?xml version="1.0" encoding="UTF-8"?>
<!-- Generated by org.testng.reporters.JUnitReportReporter -->
<testsuite hostname="LAPTOP-TOHCMEGR" failures="0" tests="1" name="Jason.com.Annotations" time="0.006" errors="0" timestamp="16 Apr 2024 05:20:29 GMT" skipped="0">
  <testcase classname="Jason.com.Annotations" name="f" time="0.006"/>
</testsuite> <!-- Jason.com.Annotations -->
