<?xml version="1.0" encoding="UTF-8"?>
<!-- Generated by org.testng.reporters.JUnitReportReporter -->
<testsuite hostname="LAPTOP-TOHCMEGR" failures="0" tests="1" name="test.CalcTest" time="0.662" errors="0" timestamp="12 May 2024 11:03:54 GMT" skipped="0">
  <testcase classname="test.CalcTest" name="positiveTest" time="0.662"/>
</testsuite> <!-- test.CalcTest -->
